#
# A fatal error has been detected by the Java Runtime Environment:
#
#  EXCEPTION_ACCESS_VIOLATION (0xc0000005) at pc=0x0000000070288d85, pid=592, tid=4544
#
# JRE version: Java(TM) SE Runtime Environment (8.0_77-b03) (build 1.8.0_77-b03)
# Java VM: Java HotSpot(TM) 64-Bit Server VM (25.77-b03 mixed mode windows-amd64 compressed oops)
# Problematic frame:
# V  [jvm.dll+0x128d85]
#
# Failed to write core dump. Minidumps are not enabled by default on client versions of Windows
#
# If you would like to submit a bug report, please visit:
#   http://bugreport.java.com/bugreport/crash.jsp
#

---------------  T H R E A D  ---------------

Current thread (0x0000000018b20000):  JavaThread "JDWP Transport Listener: dt_socket" daemon [_thread_in_vm, id=4544, stack(0x000000001a8b0000,0x000000001a9b0000)]

siginfo: ExceptionCode=0xc0000005, reading address 0xffffffffffffffff

Registers:
RAX=0x000000001a9af401, RBX=0x0000000018b20000, RCX=0x656c6665522f676e, RDX=0x0000000000000000
RSP=0x000000001a9af440, RBP=0x656c6665522f676e, RSI=0x000000001a9af558, RDI=0x0000000002069720
R8 =0x0000000018b20000, R9 =0x000000000000ff00, R10=0x0000000000000000, R11=0x0000025200be0010
R12=0x0000000000000000, R13=0x0000000018b20b88, R14=0x0000000000000000, R15=0x0000000000000000
RIP=0x0000000070288d85, EFLAGS=0x0000000000010202

Top of Stack: (sp=0x000000001a9af440)
0x000000001a9af440:   0000000018b20000 0000000018b20000
0x000000001a9af450:   000000001a9af508 000000007048e33b
0x000000001a9af460:   0000000018b20000 00000000704aab9d
0x000000001a9af470:   0000000000000000 0000000077819155
0x000000001a9af480:   0000000018bd1ea0 000000007782291e
0x000000001a9af490:   0000000018b20000 0000000000000000
0x000000001a9af4a0:   0000000000000000 0000000000000000
0x000000001a9af4b0:   656c6665522f676e 0000000077821a15
0x000000001a9af4c0:   000000001a9af558 000000001a9af530
0x000000001a9af4d0:   0000000000000001 0000000018bd1ea0
0x000000001a9af4e0:   656c6665522f676e 00000000778053b3
0x000000001a9af4f0:   000000001a9af620 0000000000000001
0x000000001a9af500:   0000000000000001 0000000018bd1ea0
0x000000001a9af510:   0000000000000001 0000000000000000
0x000000001a9af520:   0000000000000000 0000000000000000
0x000000001a9af530:   0000000000000001 0000000077805571 

Instructions: (pc=0x0000000070288d85)
0x0000000070288d65:   cc cc cc cc cc cc cc cc cc cc cc 48 83 ec 28 48
0x0000000070288d75:   85 c9 75 07 33 c0 48 83 c4 28 c3 48 89 5c 24 20
0x0000000070288d85:   48 8b 19 48 85 db 74 20 48 83 fb 37 74 1a 48 8b
0x0000000070288d95:   13 48 8b cb ff 52 10 84 c0 74 0d 48 8b c3 48 8b 


Register to memory mapping:

RAX=0x000000001a9af401 is pointing into the stack for thread: 0x0000000018b20000
RBX=0x0000000018b20000 is a thread
RCX=0x656c6665522f676e is an unknown value
RDX=0x0000000000000000 is an unknown value
RSP=0x000000001a9af440 is pointing into the stack for thread: 0x0000000018b20000
RBP=0x656c6665522f676e is an unknown value
RSI=0x000000001a9af558 is pointing into the stack for thread: 0x0000000018b20000
RDI=0x0000000002069720 is an unknown value
R8 =0x0000000018b20000 is a thread
R9 =0x000000000000ff00 is an unknown value
R10=0x0000000000000000 is an unknown value
R11=0x0000025200be0010 is an unknown value
R12=0x0000000000000000 is an unknown value
R13=0x0000000018b20b88 is an unknown value
R14=0x0000000000000000 is an unknown value
R15=0x0000000000000000 is an unknown value


Stack: [0x000000001a8b0000,0x000000001a9b0000],  sp=0x000000001a9af440,  free space=1021k
Native frames: (J=compiled Java code, j=interpreted, Vv=VM code, C=native code)
V  [jvm.dll+0x128d85]
V  [jvm.dll+0x34ab9d]
C  [jdwp.dll+0x21a15]
C  [jdwp.dll+0x53b3]
C  [jdwp.dll+0x5571]
C  [jdwp.dll+0xf0a8]
C  [jdwp.dll+0x1f2d5]
C  [jdwp.dll+0x1f4aa]
V  [jvm.dll+0x1bba58]
V  [jvm.dll+0x243434]
V  [jvm.dll+0x29a27a]
C  [msvcr100.dll+0x21d9f]
C  [msvcr100.dll+0x21e3b]
C  [kernel32.dll+0x159bd]
C  [ntdll.dll+0x2a2e1]


---------------  P R O C E S S  ---------------

Java Threads: ( => current thread )
  0x0000000018bbd800 JavaThread "Service Thread" daemon [_thread_blocked, id=8848, stack(0x000000001b350000,0x000000001b450000)]
  0x0000000018b50000 JavaThread "C1 CompilerThread3" daemon [_thread_blocked, id=8736, stack(0x000000001b1b0000,0x000000001b2b0000)]
  0x0000000018b45800 JavaThread "C2 CompilerThread2" daemon [_thread_blocked, id=6764, stack(0x000000001af20000,0x000000001b020000)]
  0x0000000018b44800 JavaThread "C2 CompilerThread1" daemon [_thread_blocked, id=7148, stack(0x000000001ad40000,0x000000001ae40000)]
  0x0000000018b3d000 JavaThread "C2 CompilerThread0" daemon [_thread_blocked, id=8316, stack(0x000000001abb0000,0x000000001acb0000)]
  0x0000000018b2b800 JavaThread "JDWP Command Reader" daemon [_thread_in_native, id=3200, stack(0x000000001aa10000,0x000000001ab10000)]
  0x0000000018b27800 JavaThread "JDWP Event Helper Thread" daemon [_thread_blocked, id=8056, stack(0x000000001a6a0000,0x000000001a7a0000)]
=>0x0000000018b20000 JavaThread "JDWP Transport Listener: dt_socket" daemon [_thread_in_vm, id=4544, stack(0x000000001a8b0000,0x000000001a9b0000)]
  0x0000000018b19800 JavaThread "Attach Listener" daemon [_thread_blocked, id=8800, stack(0x000000001a290000,0x000000001a390000)]
  0x0000000018b18800 JavaThread "Signal Dispatcher" daemon [_thread_blocked, id=9164, stack(0x000000001a120000,0x000000001a220000)]
  0x0000000017b71800 JavaThread "Finalizer" daemon [_thread_blocked, id=2268, stack(0x0000000019fd0000,0x000000001a0d0000)]
  0x0000000017b6a000 JavaThread "Reference Handler" daemon [_thread_blocked, id=7904, stack(0x0000000019dc0000,0x0000000019ec0000)]
  0x00000000020d8000 JavaThread "main" [_thread_blocked, id=1312, stack(0x0000000002400000,0x0000000002500000)]

Other Threads:
  0x0000000018ac2800 VMThread [stack: 0x0000000019b00000,0x0000000019c00000] [id=7960]
  0x0000000018bd3800 WatcherThread [stack: 0x0000000019ed0000,0x0000000019fd0000] [id=7236]

VM state:not at safepoint (normal execution)

VM Mutex/Monitor currently owned by a thread: None

Heap:
 PSYoungGen      total 38400K, used 1996K [0x00000000d5d00000, 0x00000000d8780000, 0x0000000100000000)
  eden space 33280K, 6% used [0x00000000d5d00000,0x00000000d5ef3360,0x00000000d7d80000)
  from space 5120K, 0% used [0x00000000d8280000,0x00000000d8280000,0x00000000d8780000)
  to   space 5120K, 0% used [0x00000000d7d80000,0x00000000d7d80000,0x00000000d8280000)
 ParOldGen       total 87552K, used 0K [0x0000000081600000, 0x0000000086b80000, 0x00000000d5d00000)
  object space 87552K, 0% used [0x0000000081600000,0x0000000081600000,0x0000000086b80000)
 Metaspace       used 2752K, capacity 4566K, committed 4864K, reserved 1056768K
  class space    used 296K, capacity 390K, committed 512K, reserved 1048576K

Card table byte_map: [0x0000000011b90000,0x0000000011f90000] byte_map_base: 0x0000000011785000

Marking Bits: (ParMarkBitMap*) 0x0000000070970600
 Begin Bits: [0x0000000012e30000, 0x0000000014dd8000)
 End Bits:   [0x0000000014dd8000, 0x0000000016d80000)

Polling page: 0x0000000000430000

CodeCache: size=245760Kb used=1100Kb max_used=1102Kb free=244659Kb
 bounds [0x00000000027d0000, 0x0000000002a40000, 0x00000000117d0000]
 total_blobs=250 nmethods=27 adapters=145
 compilation: enabled

Compilation events (10 events):
Event: 0.145 Thread 0x0000000018b50000 nmethod 24 0x00000000028e0390 code [0x00000000028e0520, 0x00000000028e0a28]
Event: 0.145 Thread 0x0000000018b50000   20       3       java.lang.String::<init> (82 bytes)
Event: 0.145 Thread 0x0000000018b3d000 nmethod 22 0x00000000028e3990 code [0x00000000028e3ae0, 0x00000000028e3bd8]
Event: 0.145 Thread 0x0000000018b50000 nmethod 20 0x00000000028e2f50 code [0x00000000028e3120, 0x00000000028e3658]
Event: 0.150 Thread 0x0000000018b50000   25       3       java.lang.String::startsWith (72 bytes)
Event: 0.151 Thread 0x0000000018b50000 nmethod 25 0x00000000028e20d0 code [0x00000000028e2240, 0x00000000028e2570]
Event: 0.151 Thread 0x0000000018b50000   26       3       java.lang.String::getChars (62 bytes)
Event: 0.151 Thread 0x0000000018b50000 nmethod 26 0x00000000028e1790 code [0x00000000028e1960, 0x00000000028e1e18]
Event: 0.151 Thread 0x0000000018b50000   27       3       java.lang.String::startsWith (7 bytes)
Event: 0.151 Thread 0x0000000018b50000 nmethod 27 0x00000000028e1350 code [0x00000000028e14c0, 0x00000000028e16e8]

GC Heap History (0 events):
No events

Deoptimization events (0 events):
No events

Internal exceptions (2 events):
Event: 0.022 Thread 0x00000000020d8000 Exception <a 'java/lang/NoSuchMethodError': Method sun.misc.Unsafe.defineClass(Ljava/lang/String;[BII)Ljava/lang/Class; name or signature does not match> (0x00000000d5d07cc0) thrown at [D:\re\workspace\8-2-build-windows-amd64-cygwin\jdk8u77\6540\hotspot\sr•&·±ý–?
Event: 0.022 Thread 0x00000000020d8000 Exception <a 'java/lang/NoSuchMethodError': Method sun.misc.Unsafe.prefetchRead(Ljava/lang/Object;J)V name or signature does not match> (0x00000000d5d07fa8) thrown at [D:\re\workspace\8-2-build-windows-amd64-cygwin\jdk8u77\6540\hotspot\src\share\vm\prims\j

Events (10 events):
Event: 218.899 Executing VM operation: GetCurrentLocation
Event: 218.899 Executing VM operation: GetCurrentLocation done
Event: 218.899 Executing VM operation: EnterInterpOnlyMode
Event: 218.899 Executing VM operation: EnterInterpOnlyMode done
Event: 218.899 Executing VM operation: ChangeSingleStep
Event: 218.899 Executing VM operation: ChangeSingleStep done
Event: 218.899 Executing VM operation: ChangeSingleStep
Event: 218.899 Executing VM operation: ChangeSingleStep done
Event: 218.901 Executing VM operation: RedefineClasses
Event: 218.901 Executing VM operation: RedefineClasses done


Dynamic libraries:
0x000000013ff60000 - 0x000000013ff97000 	C:\Program Files\Java\jdk1.8.0_77\bin\javaw.exe
0x0000000077340000 - 0x00000000774ea000 	C:\Windows\SYSTEM32\ntdll.dll
0x0000000077220000 - 0x000000007733f000 	C:\Windows\system32\kernel32.dll
0x000007fefd0e0000 - 0x000007fefd14a000 	C:\Windows\system32\KERNELBASE.dll
0x000007feff0a0000 - 0x000007feff17b000 	C:\Windows\system32\ADVAPI32.dll
0x000007fefd560000 - 0x000007fefd5ff000 	C:\Windows\system32\msvcrt.dll
0x000007feff630000 - 0x000007feff64f000 	C:\Windows\SYSTEM32\sechost.dll
0x000007fefef70000 - 0x000007feff09d000 	C:\Windows\system32\RPCRT4.dll
0x0000000077120000 - 0x000000007721a000 	C:\Windows\system32\USER32.dll
0x000007fefed70000 - 0x000007fefedd7000 	C:\Windows\system32\GDI32.dll
0x000007fefdbb0000 - 0x000007fefdbbe000 	C:\Windows\system32\LPK.dll
0x000007fefdbc0000 - 0x000007fefdc8a000 	C:\Windows\system32\USP10.dll
0x000007fefb9c0000 - 0x000007fefbbb4000 	C:\Windows\WinSxS\amd64_microsoft.windows.common-controls_6595b64144ccf1df_6.0.7601.18837_none_fa3b1e3d17594757\COMCTL32.dll
0x000007fefede0000 - 0x000007fefee51000 	C:\Windows\system32\SHLWAPI.dll
0x000007fefeb30000 - 0x000007fefeb5e000 	C:\Windows\system32\IMM32.DLL
0x000007fefd810000 - 0x000007fefd919000 	C:\Windows\system32\MSCTF.dll
0x0000000078820000 - 0x00000000788f2000 	C:\Program Files\Java\jdk1.8.0_77\jre\bin\msvcr100.dll
0x0000000070160000 - 0x00000000709f0000 	C:\Program Files\Java\jdk1.8.0_77\jre\bin\server\jvm.dll
0x000007fef6e40000 - 0x000007fef6e49000 	C:\Windows\system32\WSOCK32.dll
0x000007fefee60000 - 0x000007fefeead000 	C:\Windows\system32\WS2_32.dll
0x000007fefdd30000 - 0x000007fefdd38000 	C:\Windows\system32\NSI.dll
0x000007fefa660000 - 0x000007fefa69b000 	C:\Windows\system32\WINMM.dll
0x000007fefc1a0000 - 0x000007fefc1ac000 	C:\Windows\system32\VERSION.dll
0x0000000077510000 - 0x0000000077517000 	C:\Windows\system32\PSAPI.DLL
0x0000000053350000 - 0x000000005335f000 	C:\Program Files\Java\jdk1.8.0_77\jre\bin\verify.dll
0x0000000051310000 - 0x0000000051339000 	C:\Program Files\Java\jdk1.8.0_77\jre\bin\java.dll
0x0000000077800000 - 0x0000000077835000 	C:\Program Files\Java\jdk1.8.0_77\jre\bin\jdwp.dll
0x0000000051b50000 - 0x0000000051b58000 	C:\Program Files\Java\jdk1.8.0_77\jre\bin\npt.dll
0x0000000051b30000 - 0x0000000051b46000 	C:\Program Files\Java\jdk1.8.0_77\jre\bin\zip.dll
0x000007fefdd40000 - 0x000007fefeaca000 	C:\Windows\system32\SHELL32.dll
0x000007fefd600000 - 0x000007fefd803000 	C:\Windows\system32\ole32.dll
0x000007fefd0c0000 - 0x000007fefd0cf000 	C:\Windows\system32\profapi.dll
0x000000006db30000 - 0x000000006db39000 	C:\Program Files\Java\jdk1.8.0_77\jre\bin\dt_socket.dll
0x000007fefa5d0000 - 0x000007fefa5e5000 	C:\Windows\system32\NLAapi.dll
0x000007fef4660000 - 0x000007fef4675000 	C:\Windows\system32\napinsp.dll
0x000007fef4640000 - 0x000007fef4659000 	C:\Windows\system32\pnrpnsp.dll
0x000007fefc8a0000 - 0x000007fefc8f5000 	C:\Windows\System32\mswsock.dll
0x000007fefc6e0000 - 0x000007fefc73b000 	C:\Windows\system32\DNSAPI.dll
0x000007fef4630000 - 0x000007fef463b000 	C:\Windows\System32\winrnr.dll
0x000007fef4620000 - 0x000007fef4630000 	C:\Windows\system32\wshbth.dll
0x000007fef9f60000 - 0x000007fef9f87000 	C:\Windows\system32\IPHLPAPI.DLL
0x000007fef9f40000 - 0x000007fef9f4b000 	C:\Windows\system32\WINNSI.DLL
0x000007fef9df0000 - 0x000007fef9e43000 	C:\Windows\System32\fwpuclnt.dll
0x000007fef5970000 - 0x000007fef5978000 	C:\Windows\system32\rasadhlp.dll
0x000007fefc270000 - 0x000007fefc277000 	C:\Windows\System32\wshtcpip.dll
0x000007fef38e0000 - 0x000007fef3a05000 	C:\Windows\system32\dbghelp.dll

VM Arguments:
jvm_args: -agentlib:jdwp=transport=dt_socket,suspend=y,address=localhost:51632 -Dfile.encoding=Cp1252 
java_command: nth.introspect.layer5provider.url.application.ApplicationUrlProvider
java_class_path (initial): C:\Users\nilsth\My Git\Introspect-Framework\reflect\reflect-core\target\classes;C:\Users\nilsth\.m2\repository\org\apache\bval\bval-jsr303\0.5\bval-jsr303-0.5.jar;C:\Users\nilsth\.m2\repository\org\apache\bval\bval-core\0.5\bval-core-0.5.jar;C:\Users\nilsth\.m2\repository\commons-beanutils\commons-beanutils-core\1.8.3\commons-beanutils-core-1.8.3.jar;C:\Users\nilsth\.m2\repository\org\apache\commons\commons-lang3\3.1\commons-lang3-3.1.jar;C:\Users\nilsth\.m2\repository\javax\validation\validation-api\1.0.0.GA\validation-api-1.0.0.GA.jar
Launcher Type: SUN_STANDARD

Environment Variables:
PATH=C:\Program Files\Java\jdk1.8.0_77\jre\bin;C:/Program Files/Java/jre1.8.0_77/bin/server;C:/Program Files/Java/jre1.8.0_77/bin;C:/Program Files/Java/jre1.8.0_77/lib/amd64;C:\ProgramData\Oracle\Java\javapath;C:\Program Files (x86)\AMD APP\bin\x86_64;C:\Program Files (x86)\AMD APP\bin\x86;C:\Windows\system32;C:\Windows;C:\Windows\System32\Wbem;C:\Windows\System32\WindowsPowerShell\v1.0\;C:\Program Files\Intel\WiFi\bin\;C:\Program Files\Common Files\Intel\WirelessCommon\;C:\Program Files (x86)\ATI Technologies\ATI.ACE\Core-Static;C:\Program Files (x86)\Skype\Phone\;C:\Program Files (x86)\Danfoss Drives\Communication Module\bin;C:\adabas\bin;C:\adabas\pgm;C:\Program Files\eclipse;
USERNAME=nilsth
OS=Windows_NT
PROCESSOR_IDENTIFIER=Intel64 Family 6 Model 60 Stepping 3, GenuineIntel



---------------  S Y S T E M  ---------------

OS: Windows 7 , 64 bit Build 7601 (6.1.7601.23418)

CPU:total 8 (4 cores per cpu, 2 threads per core) family 6 model 60 stepping 3, cmov, cx8, fxsr, mmx, sse, sse2, sse3, ssse3, sse4.1, sse4.2, popcnt, avx, avx2, aes, clmul, erms, lzcnt, ht, tsc, tscinvbit, bmi1, bmi2

Memory: 4k page, physical 8291496k(3454884k free), swap 16581132k(10192736k free)

vm_info: Java HotSpot(TM) 64-Bit Server VM (25.77-b03) for windows-amd64 JRE (1.8.0_77-b03), built on Mar 20 2016 22:01:33 by "java_re" with MS VC++ 10.0 (VS2010)

time: Tue Jul 05 11:23:31 2016
elapsed time: 219 seconds (0d 0h 3m 39s)

