#
# A fatal error has been detected by the Java Runtime Environment:
#
#  EXCEPTION_ACCESS_VIOLATION (0xc0000005) at pc=0x000000007335a6a5, pid=3188, tid=5960
#
# JRE version: Java(TM) SE Runtime Environment (8.0_31-b13) (build 1.8.0_31-b13)
# Java VM: Java HotSpot(TM) 64-Bit Server VM (25.31-b07 mixed mode windows-amd64 compressed oops)
# Problematic frame:
# V  [jvm.dll+0x11a6a5]
#
# Failed to write core dump. Minidumps are not enabled by default on client versions of Windows
#
# If you would like to submit a bug report, please visit:
#   http://bugreport.java.com/bugreport/crash.jsp
#

---------------  T H R E A D  ---------------

Current thread (0x00000000561a8800):  JavaThread "JDWP Transport Listener: dt_socket" daemon [_thread_in_vm, id=5960, stack(0x0000000056d00000,0x0000000056e00000)]

siginfo: ExceptionCode=0xc0000005, reading address 0x00003b656c003b74

Registers:
RAX=0x0000000056dff401, RBX=0x00000000561a8800, RCX=0x00003b656c003b74, RDX=0x0000000000000000
RSP=0x0000000056dff4a0, RBP=0x00003b656c003b74, RSI=0x0000000056dff5b8, RDI=0x0000000001e19860
R8 =0x00000000561a8800, R9 =0x0000000000000700, R10=0x732f696f702f6568, R11=0x06000184004f0027
R12=0x0000000000000000, R13=0x00000000561a1468, R14=0x0000000000000000, R15=0x0000000000000000
RIP=0x000000007335a6a5, EFLAGS=0x0000000000010206

Top of Stack: (sp=0x0000000056dff4a0)
0x0000000056dff4a0:   00000000561a8800 00000000561a8800
0x0000000056dff4b0:   0000000056dff568 0000000073557c1b
0x0000000056dff4c0:   00000000561a8800 000000007357447d
0x0000000056dff4d0:   000000000000009b 00000000587e9149
0x0000000056dff4e0:   000000005625c288 00000000587f2912
0x0000000056dff4f0:   00000000561a8800 0000000000000000
0x0000000056dff500:   0000000000000000 0000000000000000
0x0000000056dff510:   00003b656c003b74 00000000587f1a09
0x0000000056dff520:   0000000056dff5b8 0000000056dff590
0x0000000056dff530:   0000000000000001 000000005625c288
0x0000000056dff540:   00003b656c003b74 00000000587d53b3
0x0000000056dff550:   0000000056dff680 0000000000000001
0x0000000056dff560:   0000000000000001 000000005625c288
0x0000000056dff570:   000000000000000a 0000000000000000
0x0000000056dff580:   0000000000000000 0000000000000000
0x0000000056dff590:   0000000000000001 00000000587d5571 

Instructions: (pc=0x000000007335a6a5)
0x000000007335a685:   cc cc cc cc cc cc cc cc cc cc cc 48 83 ec 28 48
0x000000007335a695:   85 c9 75 07 33 c0 48 83 c4 28 c3 48 89 5c 24 20
0x000000007335a6a5:   48 8b 19 48 85 db 74 20 48 83 fb 37 74 1a 48 8b
0x000000007335a6b5:   13 48 8b cb ff 52 10 84 c0 74 0d 48 8b c3 48 8b 


Register to memory mapping:

RAX=0x0000000056dff401 is pointing into the stack for thread: 0x00000000561a8800
RBX=0x00000000561a8800 is a thread
RCX=0x00003b656c003b74 is an unknown value
RDX=0x0000000000000000 is an unknown value
RSP=0x0000000056dff4a0 is pointing into the stack for thread: 0x00000000561a8800
RBP=0x00003b656c003b74 is an unknown value
RSI=0x0000000056dff5b8 is pointing into the stack for thread: 0x00000000561a8800
RDI=0x0000000001e19860 is an unknown value
R8 =0x00000000561a8800 is a thread
R9 =0x0000000000000700 is an unknown value
R10=0x732f696f702f6568 is an unknown value
R11=0x06000184004f0027 is an unknown value
R12=0x0000000000000000 is an unknown value
R13=0x00000000561a1468 is an unknown value
R14=0x0000000000000000 is an unknown value
R15=0x0000000000000000 is an unknown value


Stack: [0x0000000056d00000,0x0000000056e00000],  sp=0x0000000056dff4a0,  free space=1021k
Native frames: (J=compiled Java code, j=interpreted, Vv=VM code, C=native code)
V  [jvm.dll+0x11a6a5]
V  [jvm.dll+0x33447d]
C  [jdwp.dll+0x21a09]
C  [jdwp.dll+0x53b3]
C  [jdwp.dll+0x5571]
C  [jdwp.dll+0xf09c]
C  [jdwp.dll+0x1f2c9]
C  [jdwp.dll+0x1f49e]
V  [jvm.dll+0x1ac128]
V  [jvm.dll+0x22c194]
V  [jvm.dll+0x28576a]
C  [msvcr100.dll+0x21d9f]
C  [msvcr100.dll+0x21e3b]
C  [kernel32.dll+0x159cd]
C  [ntdll.dll+0x2b981]


---------------  P R O C E S S  ---------------

Java Threads: ( => current thread )
  0x00000000563d1000 JavaThread "ReaderThread" [_thread_in_native, id=1564, stack(0x00000000578f0000,0x00000000579f0000)]
  0x0000000056239800 JavaThread "Service Thread" daemon [_thread_blocked, id=5604, stack(0x00000000575d0000,0x00000000576d0000)]
  0x00000000561c6000 JavaThread "C1 CompilerThread2" daemon [_thread_blocked, id=4472, stack(0x0000000057480000,0x0000000057580000)]
  0x00000000561c5000 JavaThread "C2 CompilerThread1" daemon [_thread_blocked, id=5728, stack(0x0000000057340000,0x0000000057440000)]
  0x00000000561bf800 JavaThread "C2 CompilerThread0" daemon [_thread_blocked, id=2928, stack(0x0000000057120000,0x0000000057220000)]
  0x00000000561b5000 JavaThread "JDWP Command Reader" daemon [_thread_in_native, id=5196, stack(0x0000000056bf0000,0x0000000056cf0000)]
  0x00000000561ab800 JavaThread "JDWP Event Helper Thread" daemon [_thread_blocked, id=6624, stack(0x0000000056f70000,0x0000000057070000)]
=>0x00000000561a8800 JavaThread "JDWP Transport Listener: dt_socket" daemon [_thread_in_vm, id=5960, stack(0x0000000056d00000,0x0000000056e00000)]
  0x0000000054c26800 JavaThread "Attach Listener" daemon [_thread_blocked, id=6336, stack(0x0000000055f60000,0x0000000056060000)]
  0x0000000054c2e800 JavaThread "Signal Dispatcher" daemon [_thread_blocked, id=6356, stack(0x00000000560a0000,0x00000000561a0000)]
  0x0000000054bc2000 JavaThread "Finalizer" daemon [_thread_blocked, id=6420, stack(0x0000000055de0000,0x0000000055ee0000)]
  0x0000000054bbb000 JavaThread "Reference Handler" daemon [_thread_blocked, id=3808, stack(0x0000000055b20000,0x0000000055c20000)]
  0x0000000001e1f800 JavaThread "main" [_thread_blocked, id=6564, stack(0x00000000020a0000,0x00000000021a0000)]

Other Threads:
  0x0000000054bb7000 VMThread [stack: 0x0000000055cc0000,0x0000000055dc0000] [id=5660]
  0x000000005623b000 WatcherThread [stack: 0x0000000057740000,0x0000000057840000] [id=3976]

VM state:not at safepoint (normal execution)

VM Mutex/Monitor currently owned by a thread: None

Heap:
 PSYoungGen      total 18944K, used 15593K [0x00000000eae00000, 0x00000000ed300000, 0x0000000100000000)
  eden space 16384K, 79% used [0x00000000eae00000,0x00000000ebabb898,0x00000000ebe00000)
  from space 2560K, 99% used [0x00000000ebe00000,0x00000000ec07eef0,0x00000000ec080000)
  to   space 2560K, 0% used [0x00000000ed080000,0x00000000ed080000,0x00000000ed300000)
 ParOldGen       total 44032K, used 1254K [0x00000000c0a00000, 0x00000000c3500000, 0x00000000eae00000)
  object space 44032K, 2% used [0x00000000c0a00000,0x00000000c0b39ba8,0x00000000c3500000)
 Metaspace       used 11872K, capacity 11990K, committed 12288K, reserved 1060864K
  class space    used 1419K, capacity 1461K, committed 1536K, reserved 1048576K

Card table byte_map: [0x0000000011830000,0x0000000011a30000] byte_map_base: 0x000000001122b000

Marking Bits: (ParMarkBitMap*) 0x0000000073a1d4f0
 Begin Bits: [0x0000000012080000, 0x0000000013058000)
 End Bits:   [0x0000000013058000, 0x0000000014030000)

Polling page: 0x0000000000100000

CodeCache: size=245760Kb used=3504Kb max_used=3512Kb free=242255Kb
 bounds [0x0000000002470000, 0x00000000027f0000, 0x0000000011470000]
 total_blobs=1220 nmethods=874 adapters=268
 compilation: enabled

Compilation events (10 events):
Event: 14.126 Thread 0x00000000561c6000 nmethod 866 0x00000000027dc110 code [0x00000000027dc280, 0x00000000027dc510]
Event: 14.131 Thread 0x00000000561bf800 nmethod 863 0x00000000027dfcd0 code [0x00000000027dfea0, 0x00000000027e0950]
Event: 20.777 Thread 0x00000000561c6000  871       1       java.util.TreeMap::access$100 (5 bytes)
Event: 20.777 Thread 0x00000000561c6000 nmethod 871 0x00000000027dfa10 code [0x00000000027dfb60, 0x00000000027dfc50]
Event: 20.777 Thread 0x00000000561c6000  872       3       org.apache.xmlbeans.impl.store.Xobj::ensureOccupancy (158 bytes)
Event: 20.779 Thread 0x00000000561c6000 nmethod 872 0x00000000027def90 code [0x00000000027df140, 0x00000000027df7b8]
Event: 20.779 Thread 0x00000000561c6000  873       3       org.apache.xmlbeans.impl.store.Cur::toParent (19 bytes)
Event: 20.779 Thread 0x00000000561c6000 nmethod 873 0x00000000027de910 code [0x00000000027dea80, 0x00000000027dee78]
Event: 20.779 Thread 0x00000000561c6000  874       3       org.apache.xmlbeans.impl.store.Cur::isSamePos (60 bytes)
Event: 20.780 Thread 0x00000000561c6000 nmethod 874 0x00000000027de4d0 code [0x00000000027de640, 0x00000000027de850]

GC Heap History (2 events):
Event: 0.611 GC heap before
{Heap before GC invocations=1 (full 0):
 PSYoungGen      total 18944K, used 16384K [0x00000000eae00000, 0x00000000ec300000, 0x0000000100000000)
  eden space 16384K, 100% used [0x00000000eae00000,0x00000000ebe00000,0x00000000ebe00000)
  from space 2560K, 0% used [0x00000000ec080000,0x00000000ec080000,0x00000000ec300000)
  to   space 2560K, 0% used [0x00000000ebe00000,0x00000000ebe00000,0x00000000ec080000)
 ParOldGen       total 44032K, used 0K [0x00000000c0a00000, 0x00000000c3500000, 0x00000000eae00000)
  object space 44032K, 0% used [0x00000000c0a00000,0x00000000c0a00000,0x00000000c3500000)
 Metaspace       used 9314K, capacity 9392K, committed 9600K, reserved 1058816K
  class space    used 1057K, capacity 1108K, committed 1152K, reserved 1048576K
Event: 0.627 GC heap after
Heap after GC invocations=1 (full 0):
 PSYoungGen      total 18944K, used 2555K [0x00000000eae00000, 0x00000000ed300000, 0x0000000100000000)
  eden space 16384K, 0% used [0x00000000eae00000,0x00000000eae00000,0x00000000ebe00000)
  from space 2560K, 99% used [0x00000000ebe00000,0x00000000ec07eef0,0x00000000ec080000)
  to   space 2560K, 0% used [0x00000000ed080000,0x00000000ed080000,0x00000000ed300000)
 ParOldGen       total 44032K, used 1254K [0x00000000c0a00000, 0x00000000c3500000, 0x00000000eae00000)
  object space 44032K, 2% used [0x00000000c0a00000,0x00000000c0b39ba8,0x00000000c3500000)
 Metaspace       used 9314K, capacity 9392K, committed 9600K, reserved 1058816K
  class space    used 1057K, capacity 1108K, committed 1152K, reserved 1048576K
}

Deoptimization events (4 events):
Event: 6.218 Thread 0x0000000001e1f800 Uncommon trap: reason=class_check action=maybe_recompile pc=0x000000000274535c method=java.util.HashMap.putVal(ILjava/lang/Object;Ljava/lang/Object;ZZ)Ljava/lang/Object; @ 253
Event: 6.219 Thread 0x0000000001e1f800 Uncommon trap: reason=class_check action=maybe_recompile pc=0x000000000274535c method=java.util.HashMap.putVal(ILjava/lang/Object;Ljava/lang/Object;ZZ)Ljava/lang/Object; @ 253
Event: 8.268 Thread 0x0000000001e1f800 Uncommon trap: reason=class_check action=maybe_recompile pc=0x000000000274535c method=java.util.HashMap.putVal(ILjava/lang/Object;Ljava/lang/Object;ZZ)Ljava/lang/Object; @ 253
Event: 8.268 Thread 0x0000000001e1f800 Uncommon trap: reason=class_check action=maybe_recompile pc=0x000000000274535c method=java.util.HashMap.putVal(ILjava/lang/Object;Ljava/lang/Object;ZZ)Ljava/lang/Object; @ 253

Internal exceptions (10 events):
Event: 0.933 Thread 0x0000000001e1f800 Exception <a 'java/security/PrivilegedActionException'> (0x00000000eb9da0b0) thrown at [C:\workspace\8-2-build-windows-amd64-cygwin\jdk8u31\2394\hotspot\src\share\vm\prims\jvm.cpp, line 1312]
Event: 0.934 Thread 0x0000000001e1f800 Exception <a 'java/security/PrivilegedActionException'> (0x00000000eb9e4b20) thrown at [C:\workspace\8-2-build-windows-amd64-cygwin\jdk8u31\2394\hotspot\src\share\vm\prims\jvm.cpp, line 1312]
Event: 0.934 Thread 0x0000000001e1f800 Exception <a 'java/security/PrivilegedActionException'> (0x00000000eb9e8568) thrown at [C:\workspace\8-2-build-windows-amd64-cygwin\jdk8u31\2394\hotspot\src\share\vm\prims\jvm.cpp, line 1312]
Event: 0.935 Thread 0x0000000001e1f800 Exception <a 'java/security/PrivilegedActionException'> (0x00000000eb9ecb20) thrown at [C:\workspace\8-2-build-windows-amd64-cygwin\jdk8u31\2394\hotspot\src\share\vm\prims\jvm.cpp, line 1312]
Event: 0.935 Thread 0x0000000001e1f800 Exception <a 'java/security/PrivilegedActionException'> (0x00000000eb9f0e90) thrown at [C:\workspace\8-2-build-windows-amd64-cygwin\jdk8u31\2394\hotspot\src\share\vm\prims\jvm.cpp, line 1312]
Event: 0.935 Thread 0x0000000001e1f800 Exception <a 'java/security/PrivilegedActionException'> (0x00000000eb9f5e50) thrown at [C:\workspace\8-2-build-windows-amd64-cygwin\jdk8u31\2394\hotspot\src\share\vm\prims\jvm.cpp, line 1312]
Event: 0.936 Thread 0x0000000001e1f800 Exception <a 'java/security/PrivilegedActionException'> (0x00000000eb9fbb08) thrown at [C:\workspace\8-2-build-windows-amd64-cygwin\jdk8u31\2394\hotspot\src\share\vm\prims\jvm.cpp, line 1312]
Event: 0.937 Thread 0x0000000001e1f800 Exception <a 'java/security/PrivilegedActionException'> (0x00000000eba00fd0) thrown at [C:\workspace\8-2-build-windows-amd64-cygwin\jdk8u31\2394\hotspot\src\share\vm\prims\jvm.cpp, line 1312]
Event: 0.946 Thread 0x0000000001e1f800 Exception <a 'java/security/PrivilegedActionException'> (0x00000000eba1ca10) thrown at [C:\workspace\8-2-build-windows-amd64-cygwin\jdk8u31\2394\hotspot\src\share\vm\prims\jvm.cpp, line 1312]
Event: 6.219 Thread 0x0000000001e1f800 Exception <a 'java/security/PrivilegedActionException'> (0x00000000eba20d80) thrown at [C:\workspace\8-2-build-windows-amd64-cygwin\jdk8u31\2394\hotspot\src\share\vm\prims\jvm.cpp, line 1312]

Events (10 events):
Event: 700.697 Executing VM operation: GetCurrentLocation
Event: 700.697 Executing VM operation: GetCurrentLocation done
Event: 700.697 Executing VM operation: EnterInterpOnlyMode
Event: 700.697 Executing VM operation: EnterInterpOnlyMode done
Event: 700.697 Executing VM operation: ChangeSingleStep
Event: 700.697 Executing VM operation: ChangeSingleStep done
Event: 700.698 Executing VM operation: ChangeSingleStep
Event: 700.698 Executing VM operation: ChangeSingleStep done
Event: 700.704 Executing VM operation: RedefineClasses
Event: 700.714 Executing VM operation: RedefineClasses done


Dynamic libraries:
0x000000013f770000 - 0x000000013f7a4000 	C:\Program Files\Java\jre1.8.0_31\bin\javaw.exe
0x0000000077200000 - 0x00000000773a9000 	C:\Windows\SYSTEM32\ntdll.dll
0x0000000076fe0000 - 0x00000000770ff000 	C:\Windows\system32\kernel32.dll
0x000007fefd9a0000 - 0x000007fefda0c000 	C:\Windows\system32\KERNELBASE.dll
0x000007fefe120000 - 0x000007fefe1fb000 	C:\Windows\system32\ADVAPI32.dll
0x000007fefe060000 - 0x000007fefe0ff000 	C:\Windows\system32\msvcrt.dll
0x000007fefe100000 - 0x000007fefe11f000 	C:\Windows\SYSTEM32\sechost.dll
0x000007feff3e0000 - 0x000007feff50d000 	C:\Windows\system32\RPCRT4.dll
0x0000000077100000 - 0x00000000771fa000 	C:\Windows\system32\USER32.dll
0x000007feff030000 - 0x000007feff097000 	C:\Windows\system32\GDI32.dll
0x000007fefe050000 - 0x000007fefe05e000 	C:\Windows\system32\LPK.dll
0x000007feff200000 - 0x000007feff2c9000 	C:\Windows\system32\USP10.dll
0x000007fefbc80000 - 0x000007fefbe74000 	C:\Windows\WinSxS\amd64_microsoft.windows.common-controls_6595b64144ccf1df_6.0.7601.18807_none_fa381d5f175bfb52\COMCTL32.dll
0x000007fefdae0000 - 0x000007fefdb51000 	C:\Windows\system32\SHLWAPI.dll
0x000007feff1d0000 - 0x000007feff1fe000 	C:\Windows\system32\IMM32.DLL
0x000007feff2d0000 - 0x000007feff3d9000 	C:\Windows\system32\MSCTF.dll
0x0000000073aa0000 - 0x0000000073b72000 	C:\Program Files\Java\jre1.8.0_31\bin\msvcr100.dll
0x0000000073240000 - 0x0000000073a9a000 	C:\Program Files\Java\jre1.8.0_31\bin\server\jvm.dll
0x000007fefa0c0000 - 0x000007fefa0c9000 	C:\Windows\system32\WSOCK32.dll
0x000007feff0a0000 - 0x000007feff0ed000 	C:\Windows\system32\WS2_32.dll
0x000007fefda30000 - 0x000007fefda38000 	C:\Windows\system32\NSI.dll
0x000007fefac70000 - 0x000007fefacab000 	C:\Windows\system32\WINMM.dll
0x00000000773d0000 - 0x00000000773d7000 	C:\Windows\system32\PSAPI.DLL
0x0000000073f00000 - 0x0000000073f0f000 	C:\Program Files\Java\jre1.8.0_31\bin\verify.dll
0x0000000073bb0000 - 0x0000000073bd8000 	C:\Program Files\Java\jre1.8.0_31\bin\java.dll
0x00000000587d0000 - 0x0000000058805000 	C:\Program Files\Java\jre1.8.0_31\bin\jdwp.dll
0x00000000587c0000 - 0x00000000587c8000 	C:\Program Files\Java\jre1.8.0_31\bin\npt.dll
0x0000000073b90000 - 0x0000000073ba6000 	C:\Program Files\Java\jre1.8.0_31\bin\zip.dll
0x000007fefe2a0000 - 0x000007feff029000 	C:\Windows\system32\SHELL32.dll
0x000007fefde20000 - 0x000007fefe023000 	C:\Windows\system32\ole32.dll
0x000007fefd660000 - 0x000007fefd66f000 	C:\Windows\system32\profapi.dll
0x000000005a8f0000 - 0x000000005a8f9000 	C:\Program Files\Java\jre1.8.0_31\bin\dt_socket.dll
0x000007fefb500000 - 0x000007fefb515000 	C:\Windows\system32\NLAapi.dll
0x000007fef8af0000 - 0x000007fef8b05000 	C:\Windows\system32\napinsp.dll
0x000007fef8b10000 - 0x000007fef8b29000 	C:\Windows\system32\pnrpnsp.dll
0x000007fefce90000 - 0x000007fefcee5000 	C:\Windows\System32\mswsock.dll
0x000007fefcd10000 - 0x000007fefcd6b000 	C:\Windows\system32\DNSAPI.dll
0x000007fef8820000 - 0x000007fef882b000 	C:\Windows\System32\winrnr.dll
0x000007fef8810000 - 0x000007fef8820000 	C:\Windows\system32\wshbth.dll
0x000007fef8ac0000 - 0x000007fef8aef000 	C:\Program Files\Common Files\Microsoft Shared\Windows Live\WLIDNSP.DLL
0x000007fefb440000 - 0x000007fefb467000 	C:\Windows\system32\IPHLPAPI.DLL
0x000007fefb420000 - 0x000007fefb42b000 	C:\Windows\system32\WINNSI.DLL
0x000007fefb2d0000 - 0x000007fefb323000 	C:\Windows\System32\fwpuclnt.dll
0x000007fef8ab0000 - 0x000007fef8ab8000 	C:\Windows\system32\rasadhlp.dll
0x000007fefc810000 - 0x000007fefc817000 	C:\Windows\System32\wshtcpip.dll
0x0000000067dd0000 - 0x0000000067dea000 	C:\Program Files\Java\jre1.8.0_31\bin\net.dll
0x000007fefce80000 - 0x000007fefce87000 	C:\Windows\System32\wship6.dll
0x000007fef0670000 - 0x000007fef0795000 	C:\Windows\system32\dbghelp.dll

VM Arguments:
jvm_args: -agentlib:jdwp=transport=dt_socket,suspend=y,address=localhost:53305 -Dfile.encoding=Cp1252 
java_command: org.eclipse.jdt.internal.junit.runner.RemoteTestRunner -version 3 -port 53304 -testLoaderClass org.eclipse.jdt.internal.junit4.runner.JUnit4TestLoader -loaderpluginname org.eclipse.jdt.junit4.runtime -classNames nth.introspect.excel.repository.test.PersonExcelReporitoryTest
java_class_path (initial): C:\Users\nilsth\My Java\Workspace Introspect\IntrospectDataAccessExcel\bin;C:\Users\nilsth\My Java\Workspace Introspect\IntrospectDataAccessExcel\lib\dom4j-1.6.1.jar;C:\Users\nilsth\My Java\Workspace Introspect\IntrospectDataAccessExcel\lib\ojdbc14.jar;C:\Users\nilsth\My Java\Workspace Introspect\IntrospectDataAccessExcel\lib\poi-3.10.1-20140818.jar;C:\Users\nilsth\My Java\Workspace Introspect\IntrospectDataAccessExcel\lib\poi-ooxml-3.10.1-20140818.jar;C:\Users\nilsth\My Java\Workspace Introspect\IntrospectDataAccessExcel\lib\poi-ooxml-schemas-3.10.1-20140818.jar;C:\Users\nilsth\My Java\Workspace Introspect\IntrospectDataAccessExcel\lib\stax-api-1.0.1.jar;C:\Users\nilsth\My Java\Workspace Introspect\IntrospectDataAccessExcel\lib\xmlbeans-2.6.0.jar;C:\Program Files\Eclipse\plugins\org.junit_4.11.0.v201303080030\junit.jar;C:\Program Files\Eclipse\plugins\org.hamcrest.core_1.3.0.v201303031735.jar;/C:/Program Files/Eclipse/configuration/org.eclipse.osgi/bundles/358/1/.cp/;/C:/Program Files/Eclipse/configuration/org.eclipse.osgi/bundles/357/1/.cp/
Launcher Type: SUN_STANDARD

Environment Variables:
JAVA_HOME=C:\Program Files\Java\jdk1.7.0_40
PATH=C:\Program Files\Common Files\Microsoft Shared\Windows Live;C:\Program Files (x86)\Common Files\Microsoft Shared\Windows Live;C:\ProgramData\Oracle\Java\javapath;C:\Windows\system32;C:\Windows;C:\Windows\System32\Wbem;C:\Windows\System32\WindowsPowerShell\v1.0\;C:\Program Files (x86)\Common Files\Roxio Shared\DLLShared\;C:\Program Files (x86)\Common Files\Roxio Shared\10.0\DLLShared\;C:\Program Files\Java\jdk1.7.0_40;;C:\Program Files\Java\jdk1.7.0_40\bin;C:\Program Files (x86)\Git\bin\;C:\Program Files (x86)\Matrox Imaging\Mil\DLL;C:\Program Files (x86)\Windows Live\Shared;C:\Program Files (x86)\Skype\Phone\
USERNAME=nilsth
OS=Windows_NT
PROCESSOR_IDENTIFIER=Intel64 Family 6 Model 42 Stepping 7, GenuineIntel



---------------  S Y S T E M  ---------------

OS: Windows 7 , 64 bit Build 7601 Service Pack 1

CPU:total 4 (2 cores per cpu, 2 threads per core) family 6 model 42 stepping 7, cmov, cx8, fxsr, mmx, sse, sse2, sse3, ssse3, sse4.1, sse4.2, popcnt, avx, aes, clmul, ht, tsc, tscinvbit

Memory: 4k page, physical 4150204k(1970032k free), swap 8298572k(4538716k free)

vm_info: Java HotSpot(TM) 64-Bit Server VM (25.31-b07) for windows-amd64 JRE (1.8.0_31-b13), built on Dec 17 2014 21:00:28 by "java_re" with MS VC++ 10.0 (VS2010)

time: Fri May 15 12:26:38 2015
elapsed time: 700 seconds (0d 0h 11m 40s)

